<?xml version="1.0" encoding="UTF-8"?>
<!-- Generated by org.testng.reporters.JUnitXMLReporter -->
<testsuite hostname="cecilys-MacBook-Pro.local" failures="0" tests="4" name="Default test" time="4.947" errors="0" timestamp="26 Nov 2023 02:22:15 GMT">
  <testcase classname="UserApachePOITests" name="testWithCorrectUserId" time="1.215"/>
  <testcase classname="UserApachePOITests" name="testWithCorrectUserId" time="0.904"/>
  <testcase classname="UserApachePOITests" name="testWithNonExistingtUserId" time="0.886"/>
  <testcase classname="UserApachePOITests" name="testWithNonExistingtUserId" time="0.859"/>
</testsuite> <!-- Default test -->
