<?xml version="1.0" encoding="UTF-8"?>
<testng-results total="4" passed="4" failed="0" skipped="0">
  <reporter-output>
  </reporter-output>
  <suite started-at="2023-11-26T02:22:05Z" name="Default suite" finished-at="2023-11-26T02:22:10Z" duration-ms="4947">
    <groups>
    </groups>
    <test started-at="2023-11-26T02:22:05Z" name="Default test" finished-at="2023-11-26T02:22:10Z" duration-ms="4947">
      <class name="UserApachePOITests">
        <test-method signature="testWithCorrectUserId(java.lang.String, java.lang.String)[pri:0, instance:UserApachePOITests@c7ba306]" started-at="2023-11-25T18:22:06Z" name="testWithCorrectUserId" data-provider="dp1" finished-at="2023-11-25T18:22:07Z" duration-ms="1215" status="PASS">
          <params>
            <param index="0">
              <value>
                <![CDATA[5775209]]>
              </value>
            </param>
            <param index="1">
              <value>
                <![CDATA[Gajabahu Varma]]>
              </value>
            </param>
          </params>
          <reporter-output>
          </reporter-output>
        </test-method> <!-- testWithCorrectUserId -->
        <test-method signature="testWithCorrectUserId(java.lang.String, java.lang.String)[pri:0, instance:UserApachePOITests@c7ba306]" started-at="2023-11-25T18:22:07Z" name="testWithCorrectUserId" data-provider="dp1" finished-at="2023-11-25T18:22:08Z" duration-ms="904" status="PASS">
          <params>
            <param index="0">
              <value>
                <![CDATA[5775210]]>
              </value>
            </param>
            <param index="1">
              <value>
                <![CDATA[Gorakhanatha Nehru]]>
              </value>
            </param>
          </params>
          <reporter-output>
          </reporter-output>
        </test-method> <!-- testWithCorrectUserId -->
        <test-method signature="testWithNonExistingtUserId(java.lang.String, java.lang.String)[pri:0, instance:UserApachePOITests@c7ba306]" started-at="2023-11-25T18:22:08Z" name="testWithNonExistingtUserId" data-provider="dp2" finished-at="2023-11-25T18:22:09Z" duration-ms="886" status="PASS">
          <params>
            <param index="0">
              <value>
                <![CDATA[123]]>
              </value>
            </param>
            <param index="1">
              <value>
                <![CDATA[aa]]>
              </value>
            </param>
          </params>
          <reporter-output>
          </reporter-output>
        </test-method> <!-- testWithNonExistingtUserId -->
        <test-method signature="testWithNonExistingtUserId(java.lang.String, java.lang.String)[pri:0, instance:UserApachePOITests@c7ba306]" started-at="2023-11-25T18:22:09Z" name="testWithNonExistingtUserId" data-provider="dp2" finished-at="2023-11-25T18:22:10Z" duration-ms="859" status="PASS">
          <params>
            <param index="0">
              <value>
                <![CDATA[456]]>
              </value>
            </param>
            <param index="1">
              <value>
                <![CDATA[ba]]>
              </value>
            </param>
          </params>
          <reporter-output>
          </reporter-output>
        </test-method> <!-- testWithNonExistingtUserId -->
      </class> <!-- UserApachePOITests -->
    </test> <!-- Default test -->
  </suite> <!-- Default suite -->
</testng-results>
