<?xml version="1.0" encoding="UTF-8"?>
<testng-results total="5" passed="5" failed="0" skipped="0">
  <reporter-output>
  </reporter-output>
  <suite started-at="2023-11-21T06:14:46Z" name="Default suite" finished-at="2023-11-21T06:14:49Z" duration-ms="2079">
    <groups>
    </groups>
    <test started-at="2023-11-21T06:14:46Z" name="Default test" finished-at="2023-11-21T06:14:49Z" duration-ms="2079">
      <class name="UserAPIGetTest">
        <test-method signature="testWithBlankId()[pri:0, instance:UserAPIGetTest@181e731e]" started-at="2023-11-20T22:14:46Z" name="testWithBlankId" finished-at="2023-11-20T22:14:47Z" duration-ms="581" status="PASS">
          <reporter-output>
          </reporter-output>
        </test-method> <!-- testWithBlankId -->
        <test-method signature="testWithCorrectUserId()[pri:0, instance:UserAPIGetTest@181e731e]" started-at="2023-11-20T22:14:47Z" name="testWithCorrectUserId" finished-at="2023-11-20T22:14:47Z" duration-ms="109" status="PASS">
          <reporter-output>
          </reporter-output>
        </test-method> <!-- testWithCorrectUserId -->
        <test-method signature="testWithCreateUser()[pri:0, instance:UserAPIGetTest@181e731e]" started-at="2023-11-20T22:14:47Z" name="testWithCreateUser" finished-at="2023-11-20T22:14:48Z" duration-ms="498" status="PASS">
          <reporter-output>
          </reporter-output>
        </test-method> <!-- testWithCreateUser -->
        <test-method signature="testWithNonExistingtUserId()[pri:0, instance:UserAPIGetTest@181e731e]" started-at="2023-11-20T22:14:48Z" name="testWithNonExistingtUserId" finished-at="2023-11-20T22:14:48Z" duration-ms="431" status="PASS">
          <reporter-output>
          </reporter-output>
        </test-method> <!-- testWithNonExistingtUserId -->
        <test-method signature="testWithSpecialChar()[pri:0, instance:UserAPIGetTest@181e731e]" started-at="2023-11-20T22:14:48Z" name="testWithSpecialChar" finished-at="2023-11-20T22:14:49Z" duration-ms="417" status="PASS">
          <reporter-output>
          </reporter-output>
        </test-method> <!-- testWithSpecialChar -->
      </class> <!-- UserAPIGetTest -->
    </test> <!-- Default test -->
  </suite> <!-- Default suite -->
</testng-results>
